<?xml version="1.0" encoding="UTF-8"?>
<!-- Generated by org.testng.reporters.JUnitReportReporter -->
<testsuite skipped="0" hostname="478203bd66ba" name="com.searchmodule.tests.SearchTest" tests="4" failures="0" timestamp="22 Dec 2021 19:05:20 GMT" time="29.237" errors="0">
  <testcase name="search" time="3.293" classname="com.searchmodule.tests.SearchTest"/>
  <testcase name="search" time="4.945" classname="com.searchmodule.tests.SearchTest"/>
  <testcase name="search" time="17.718" classname="com.searchmodule.tests.SearchTest"/>
  <testcase name="search" time="3.281" classname="com.searchmodule.tests.SearchTest"/>
</testsuite> <!-- com.searchmodule.tests.SearchTest -->
