<?xml version="1.0" encoding="UTF-8"?>
<!-- Generated by org.testng.reporters.JUnitReportReporter -->
<testsuite hostname="DESKTOP-GQ5M7KR" failures="0" tests="20" name="com.newtours.tests.BookFlightTest" time="661.500" errors="0" timestamp="21 Dec 2021 04:26:10 GMT" skipped="0">
  <testcase classname="com.newtours.tests.BookFlightTest" name="registrationPage" time="158.315"/>
  <testcase classname="com.newtours.tests.BookFlightTest" name="findFlightPage" time="0.361"/>
  <testcase classname="com.newtours.tests.BookFlightTest" name="flightConfirmationPage" time="0.257"/>
  <testcase classname="com.newtours.tests.BookFlightTest" name="flightConfirmationPage" time="0.436"/>
  <testcase classname="com.newtours.tests.BookFlightTest" name="flightDetailsPage" time="1.507"/>
  <testcase classname="com.newtours.tests.BookFlightTest" name="flightConfirmationPage" time="0.306"/>
  <testcase classname="com.newtours.tests.BookFlightTest" name="findFlightPage" time="0.396"/>
  <testcase classname="com.newtours.tests.BookFlightTest" name="registrationConfirmationPage" time="0.322"/>
  <testcase classname="com.newtours.tests.BookFlightTest" name="registrationPage" time="175.445"/>
  <testcase classname="com.newtours.tests.BookFlightTest" name="registrationPage" time="160.274"/>
  <testcase classname="com.newtours.tests.BookFlightTest" name="findFlightPage" time="0.546"/>
  <testcase classname="com.newtours.tests.BookFlightTest" name="findFlightPage" time="0.484"/>
  <testcase classname="com.newtours.tests.BookFlightTest" name="registrationConfirmationPage" time="0.180"/>
  <testcase classname="com.newtours.tests.BookFlightTest" name="flightDetailsPage" time="1.815"/>
  <testcase classname="com.newtours.tests.BookFlightTest" name="flightDetailsPage" time="1.743"/>
  <testcase classname="com.newtours.tests.BookFlightTest" name="flightConfirmationPage" time="0.481"/>
  <testcase classname="com.newtours.tests.BookFlightTest" name="registrationConfirmationPage" time="0.174"/>
  <testcase classname="com.newtours.tests.BookFlightTest" name="registrationPage" time="156.602"/>
  <testcase classname="com.newtours.tests.BookFlightTest" name="registrationConfirmationPage" time="0.294"/>
  <testcase classname="com.newtours.tests.BookFlightTest" name="flightDetailsPage" time="1.562"/>
</testsuite> <!-- com.newtours.tests.BookFlightTest -->
