<?xml version="1.0" encoding="UTF-8"?>
<!-- Generated by org.testng.reporters.JUnitReportReporter -->
<testsuite skipped="0" hostname="d7139a9af52a" name="com.newtours.tests.BookFlightTest" tests="20" failures="0" timestamp="22 Dec 2021 19:05:43 GMT" time="59.700" errors="0">
  <testcase name="findFlightPage" time="0.857" classname="com.newtours.tests.BookFlightTest"/>
  <testcase name="findFlightPage" time="0.687" classname="com.newtours.tests.BookFlightTest"/>
  <testcase name="registrationPage" time="13.643" classname="com.newtours.tests.BookFlightTest"/>
  <testcase name="registrationPage" time="3.568" classname="com.newtours.tests.BookFlightTest"/>
  <testcase name="flightConfirmationPage" time="0.434" classname="com.newtours.tests.BookFlightTest"/>
  <testcase name="registrationConfirmationPage" time="6.355" classname="com.newtours.tests.BookFlightTest"/>
  <testcase name="registrationConfirmationPage" time="0.117" classname="com.newtours.tests.BookFlightTest"/>
  <testcase name="flightDetailsPage" time="3.427" classname="com.newtours.tests.BookFlightTest"/>
  <testcase name="flightConfirmationPage" time="0.384" classname="com.newtours.tests.BookFlightTest"/>
  <testcase name="flightDetailsPage" time="1.733" classname="com.newtours.tests.BookFlightTest"/>
  <testcase name="flightDetailsPage" time="1.589" classname="com.newtours.tests.BookFlightTest"/>
  <testcase name="registrationConfirmationPage" time="4.260" classname="com.newtours.tests.BookFlightTest"/>
  <testcase name="flightConfirmationPage" time="0.444" classname="com.newtours.tests.BookFlightTest"/>
  <testcase name="findFlightPage" time="0.656" classname="com.newtours.tests.BookFlightTest"/>
  <testcase name="flightConfirmationPage" time="0.406" classname="com.newtours.tests.BookFlightTest"/>
  <testcase name="registrationPage" time="4.023" classname="com.newtours.tests.BookFlightTest"/>
  <testcase name="registrationConfirmationPage" time="0.154" classname="com.newtours.tests.BookFlightTest"/>
  <testcase name="flightDetailsPage" time="1.833" classname="com.newtours.tests.BookFlightTest"/>
  <testcase name="registrationPage" time="14.457" classname="com.newtours.tests.BookFlightTest"/>
  <testcase name="findFlightPage" time="0.673" classname="com.newtours.tests.BookFlightTest"/>
</testsuite> <!-- com.newtours.tests.BookFlightTest -->
